Temp/gradleOut/launcher/build/intermediates/manifest_merge_blame_file/release/manifest-merger-blame-release-report.txt
1<?xml version="1.0" encoding="utf-8"?>
2<!-- GENERATED BY UNITY. REMOVE THIS COMMENT TO PREVENT OVERWRITING WHEN EXPORTING AGAIN -->
3<manifest xmlns:android="http://schemas.android.com/apk/res/android"
4    package="com.technovert.RocketTunnelFlying"
5    android:installLocation="preferExternal"
6    android:versionCode="1"
7    android:versionName="1" >
8
9    <uses-sdk
10        android:minSdkVersion="21"
10-->src\main\AndroidManifest.xml
11        android:targetSdkVersion="31" />
11-->src\main\AndroidManifest.xml
12
13    <supports-screens
13-->src\main\AndroidManifest.xml:4:3-163
14        android:anyDensity="true"
14-->src\main\AndroidManifest.xml:4:135-160
15        android:largeScreens="true"
15-->src\main\AndroidManifest.xml:4:78-105
16        android:normalScreens="true"
16-->src\main\AndroidManifest.xml:4:49-77
17        android:smallScreens="true"
17-->src\main\AndroidManifest.xml:4:21-48
18        android:xlargeScreens="true" />
18-->src\main\AndroidManifest.xml:4:106-134
19
20    <uses-feature android:glEsVersion="0x00030000" />
20-->[:unityLibrary] AndroidManifest.xml:13:5-54
20-->[:unityLibrary] AndroidManifest.xml:13:19-51
21    <uses-feature
21-->[:unityLibrary] AndroidManifest.xml:14:5-16:36
22        android:name="android.hardware.vulkan.version"
22-->[:unityLibrary] AndroidManifest.xml:15:9-55
23        android:required="false" />
23-->[:unityLibrary] AndroidManifest.xml:16:9-33
24
25    <uses-permission android:name="android.permission.INTERNET" />
25-->[:unityLibrary] AndroidManifest.xml:18:5-67
25-->[:unityLibrary] AndroidManifest.xml:18:22-64
26
27    <uses-feature
27-->[:unityLibrary] AndroidManifest.xml:20:5-22:36
28        android:name="android.hardware.touchscreen"
28-->[:unityLibrary] AndroidManifest.xml:21:9-52
29        android:required="false" />
29-->[:unityLibrary] AndroidManifest.xml:22:9-33
30    <uses-feature
30-->[:unityLibrary] AndroidManifest.xml:23:5-25:36
31        android:name="android.hardware.touchscreen.multitouch"
31-->[:unityLibrary] AndroidManifest.xml:24:9-63
32        android:required="false" />
32-->[:unityLibrary] AndroidManifest.xml:25:9-33
33    <uses-feature
33-->[:unityLibrary] AndroidManifest.xml:26:5-28:36
34        android:name="android.hardware.touchscreen.multitouch.distinct"
34-->[:unityLibrary] AndroidManifest.xml:27:9-72
35        android:required="false" />
35-->[:unityLibrary] AndroidManifest.xml:28:9-33
36
37    <uses-permission android:name="android.permission.WAKE_LOCK" />
37-->[:androidx.work.work-runtime-2.1.0:] AndroidManifest.xml:19:3-66
37-->[:androidx.work.work-runtime-2.1.0:] AndroidManifest.xml:19:20-63
38    <uses-permission android:name="android.permission.ACCESS_NETWORK_STATE" />
38-->[:androidx.work.work-runtime-2.1.0:] AndroidManifest.xml:20:3-77
38-->[:androidx.work.work-runtime-2.1.0:] AndroidManifest.xml:20:20-74
39    <uses-permission android:name="android.permission.RECEIVE_BOOT_COMPLETED" />
39-->[:androidx.work.work-runtime-2.1.0:] AndroidManifest.xml:21:3-79
39-->[:androidx.work.work-runtime-2.1.0:] AndroidManifest.xml:21:20-76
40    <uses-permission android:name="android.permission.WRITE_EXTERNAL_STORAGE" />
41    <uses-permission android:name="android.permission.READ_PHONE_STATE" />
42    <uses-permission android:name="android.permission.READ_EXTERNAL_STORAGE" />
43
44    <application
44-->src\main\AndroidManifest.xml:5:3-116
45        android:appComponentFactory="androidx.core.app.CoreComponentFactory"
45-->[:androidx.core.core-1.2.0:] AndroidManifest.xml:24:18-86
46        android:extractNativeLibs="true"
46-->src\main\AndroidManifest.xml:5:16-48
47        android:icon="@mipmap/app_icon"
47-->src\main\AndroidManifest.xml:5:82-113
48        android:label="@string/app_name" >
48-->src\main\AndroidManifest.xml:5:49-81
49        <activity
49-->[:unityLibrary] AndroidManifest.xml:31:9-50:20
50            android:name="com.unity3d.player.UnityPlayerActivity"
50-->[:unityLibrary] AndroidManifest.xml:32:13-66
51            android:configChanges="mcc|mnc|locale|touchscreen|keyboard|keyboardHidden|navigation|orientation|screenLayout|uiMode|screenSize|smallestScreenSize|fontScale|layoutDirection|density"
51-->[:unityLibrary] AndroidManifest.xml:33:13-194
52            android:hardwareAccelerated="false"
52-->[:unityLibrary] AndroidManifest.xml:34:13-48
53            android:launchMode="singleTask"
53-->[:unityLibrary] AndroidManifest.xml:35:13-44
54            android:screenOrientation="portrait"
54-->[:unityLibrary] AndroidManifest.xml:36:13-49
55            android:theme="@style/UnityThemeSelector" >
55-->[:unityLibrary] AndroidManifest.xml:37:13-54
56            <intent-filter>
56-->[:unityLibrary] AndroidManifest.xml:38:13-42:29
57                <action android:name="android.intent.action.MAIN" />
57-->[:unityLibrary] AndroidManifest.xml:39:17-69
57-->[:unityLibrary] AndroidManifest.xml:39:25-66
58
59                <category android:name="android.intent.category.LAUNCHER" />
59-->[:unityLibrary] AndroidManifest.xml:41:17-77
59-->[:unityLibrary] AndroidManifest.xml:41:27-74
60            </intent-filter>
61
62            <meta-data
62-->[:unityLibrary] AndroidManifest.xml:44:13-46:40
63                android:name="unityplayer.UnityActivity"
63-->[:unityLibrary] AndroidManifest.xml:45:17-57
64                android:value="true" />
64-->[:unityLibrary] AndroidManifest.xml:46:17-37
65            <meta-data
65-->[:unityLibrary] AndroidManifest.xml:47:13-49:40
66                android:name="android.notch_support"
66-->[:unityLibrary] AndroidManifest.xml:48:17-53
67                android:value="true" />
67-->[:unityLibrary] AndroidManifest.xml:49:17-37
68        </activity>
69
70        <meta-data
70-->[:unityLibrary] AndroidManifest.xml:52:9-54:33
71            android:name="unity.splash-mode"
71-->[:unityLibrary] AndroidManifest.xml:53:13-45
72            android:value="0" />
72-->[:unityLibrary] AndroidManifest.xml:54:13-30
73        <meta-data
73-->[:unityLibrary] AndroidManifest.xml:55:9-57:36
74            android:name="unity.splash-enable"
74-->[:unityLibrary] AndroidManifest.xml:56:13-47
75            android:value="True" />
75-->[:unityLibrary] AndroidManifest.xml:57:13-33
76        <meta-data
76-->[:unityLibrary] AndroidManifest.xml:58:9-60:50
77            android:name="notch.config"
77-->[:unityLibrary] AndroidManifest.xml:59:13-40
78            android:value="portrait|landscape" />
78-->[:unityLibrary] AndroidManifest.xml:60:13-47
79        <meta-data
79-->[:unityLibrary] AndroidManifest.xml:61:9-63:68
80            android:name="unity.build-id"
80-->[:unityLibrary] AndroidManifest.xml:62:13-42
81            android:value="2eb3f213-f0cb-43cd-9073-12acc4ef321f" />
81-->[:unityLibrary] AndroidManifest.xml:63:13-65
82
83        <service
83-->[:androidx.room.room-runtime-2.1.0:] AndroidManifest.xml:25:9-27:40
84            android:name="androidx.room.MultiInstanceInvalidationService"
84-->[:androidx.room.room-runtime-2.1.0:] AndroidManifest.xml:26:13-74
85            android:exported="false" />
85-->[:androidx.room.room-runtime-2.1.0:] AndroidManifest.xml:27:13-37
86
87        <provider
87-->[:androidx.work.work-runtime-2.1.0:] AndroidManifest.xml:23:5-252
88            android:name="androidx.work.impl.WorkManagerInitializer"
88-->[:androidx.work.work-runtime-2.1.0:] AndroidManifest.xml:23:15-71
89            android:authorities="com.technovert.RocketTunnelFlying.workmanager-init"
89-->[:androidx.work.work-runtime-2.1.0:] AndroidManifest.xml:23:72-144
90            android:directBootAware="false"
90-->[:androidx.work.work-runtime-2.1.0:] AndroidManifest.xml:23:145-176
91            android:exported="false"
91-->[:androidx.work.work-runtime-2.1.0:] AndroidManifest.xml:23:177-201
92            android:multiprocess="true" />
92-->[:androidx.work.work-runtime-2.1.0:] AndroidManifest.xml:23:202-229
93
94        <service
94-->[:androidx.work.work-runtime-2.1.0:] AndroidManifest.xml:24:5-229
95            android:name="androidx.work.impl.background.systemalarm.SystemAlarmService"
95-->[:androidx.work.work-runtime-2.1.0:] AndroidManifest.xml:24:14-89
96            android:directBootAware="false"
96-->[:androidx.work.work-runtime-2.1.0:] AndroidManifest.xml:24:90-121
97            android:enabled="@bool/enable_system_alarm_service_default"
97-->[:androidx.work.work-runtime-2.1.0:] AndroidManifest.xml:24:122-181
98            android:exported="false" />
98-->[:androidx.work.work-runtime-2.1.0:] AndroidManifest.xml:24:182-206
99        <service
99-->[:androidx.work.work-runtime-2.1.0:] AndroidManifest.xml:25:5-279
100            android:name="androidx.work.impl.background.systemjob.SystemJobService"
100-->[:androidx.work.work-runtime-2.1.0:] AndroidManifest.xml:25:14-85
101            android:directBootAware="false"
101-->[:androidx.work.work-runtime-2.1.0:] AndroidManifest.xml:25:86-117
102            android:enabled="@bool/enable_system_job_service_default"
102-->[:androidx.work.work-runtime-2.1.0:] AndroidManifest.xml:25:118-175
103            android:exported="true"
103-->[:androidx.work.work-runtime-2.1.0:] AndroidManifest.xml:25:176-199
104            android:permission="android.permission.BIND_JOB_SERVICE" />
104-->[:androidx.work.work-runtime-2.1.0:] AndroidManifest.xml:25:200-256
105
106        <receiver
106-->[:androidx.work.work-runtime-2.1.0:] AndroidManifest.xml:26:5-193
107            android:name="androidx.work.impl.utils.ForceStopRunnable$BroadcastReceiver"
107-->[:androidx.work.work-runtime-2.1.0:] AndroidManifest.xml:26:15-90
108            android:directBootAware="false"
108-->[:androidx.work.work-runtime-2.1.0:] AndroidManifest.xml:26:91-122
109            android:enabled="true"
109-->[:androidx.work.work-runtime-2.1.0:] AndroidManifest.xml:26:123-145
110            android:exported="false" />
110-->[:androidx.work.work-runtime-2.1.0:] AndroidManifest.xml:26:146-170
111        <receiver
111-->[:androidx.work.work-runtime-2.1.0:] AndroidManifest.xml:27:5-32:16
112            android:name="androidx.work.impl.background.systemalarm.ConstraintProxy$BatteryChargingProxy"
112-->[:androidx.work.work-runtime-2.1.0:] AndroidManifest.xml:27:15-108
113            android:directBootAware="false"
113-->[:androidx.work.work-runtime-2.1.0:] AndroidManifest.xml:27:109-140
114            android:enabled="false"
114-->[:androidx.work.work-runtime-2.1.0:] AndroidManifest.xml:27:141-164
115            android:exported="false" >
115-->[:androidx.work.work-runtime-2.1.0:] AndroidManifest.xml:27:165-189
116            <intent-filter>
116-->[:androidx.work.work-runtime-2.1.0:] AndroidManifest.xml:28:7-31:23
117                <action android:name="android.intent.action.ACTION_POWER_CONNECTED" />
117-->[:androidx.work.work-runtime-2.1.0:] AndroidManifest.xml:29:9-79
117-->[:androidx.work.work-runtime-2.1.0:] AndroidManifest.xml:29:17-76
118                <action android:name="android.intent.action.ACTION_POWER_DISCONNECTED" />
118-->[:androidx.work.work-runtime-2.1.0:] AndroidManifest.xml:30:9-82
118-->[:androidx.work.work-runtime-2.1.0:] AndroidManifest.xml:30:17-79
119            </intent-filter>
120        </receiver>
121        <receiver
121-->[:androidx.work.work-runtime-2.1.0:] AndroidManifest.xml:33:5-38:16
122            android:name="androidx.work.impl.background.systemalarm.ConstraintProxy$BatteryNotLowProxy"
122-->[:androidx.work.work-runtime-2.1.0:] AndroidManifest.xml:33:15-106
123            android:directBootAware="false"
123-->[:androidx.work.work-runtime-2.1.0:] AndroidManifest.xml:33:107-138
124            android:enabled="false"
124-->[:androidx.work.work-runtime-2.1.0:] AndroidManifest.xml:33:139-162
125            android:exported="false" >
125-->[:androidx.work.work-runtime-2.1.0:] AndroidManifest.xml:33:163-187
126            <intent-filter>
126-->[:androidx.work.work-runtime-2.1.0:] AndroidManifest.xml:34:7-37:23
127                <action android:name="android.intent.action.BATTERY_OKAY" />
127-->[:androidx.work.work-runtime-2.1.0:] AndroidManifest.xml:35:9-69
127-->[:androidx.work.work-runtime-2.1.0:] AndroidManifest.xml:35:17-66
128                <action android:name="android.intent.action.BATTERY_LOW" />
128-->[:androidx.work.work-runtime-2.1.0:] AndroidManifest.xml:36:9-68
128-->[:androidx.work.work-runtime-2.1.0:] AndroidManifest.xml:36:17-65
129            </intent-filter>
130        </receiver>
131        <receiver
131-->[:androidx.work.work-runtime-2.1.0:] AndroidManifest.xml:39:5-44:16
132            android:name="androidx.work.impl.background.systemalarm.ConstraintProxy$StorageNotLowProxy"
132-->[:androidx.work.work-runtime-2.1.0:] AndroidManifest.xml:39:15-106
133            android:directBootAware="false"
133-->[:androidx.work.work-runtime-2.1.0:] AndroidManifest.xml:39:107-138
134            android:enabled="false"
134-->[:androidx.work.work-runtime-2.1.0:] AndroidManifest.xml:39:139-162
135            android:exported="false" >
135-->[:androidx.work.work-runtime-2.1.0:] AndroidManifest.xml:39:163-187
136            <intent-filter>
136-->[:androidx.work.work-runtime-2.1.0:] AndroidManifest.xml:40:7-43:23
137                <action android:name="android.intent.action.DEVICE_STORAGE_LOW" />
137-->[:androidx.work.work-runtime-2.1.0:] AndroidManifest.xml:41:9-75
137-->[:androidx.work.work-runtime-2.1.0:] AndroidManifest.xml:41:17-72
138                <action android:name="android.intent.action.DEVICE_STORAGE_OK" />
138-->[:androidx.work.work-runtime-2.1.0:] AndroidManifest.xml:42:9-74
138-->[:androidx.work.work-runtime-2.1.0:] AndroidManifest.xml:42:17-71
139            </intent-filter>
140        </receiver>
141        <receiver
141-->[:androidx.work.work-runtime-2.1.0:] AndroidManifest.xml:45:5-49:16
142            android:name="androidx.work.impl.background.systemalarm.ConstraintProxy$NetworkStateProxy"
142-->[:androidx.work.work-runtime-2.1.0:] AndroidManifest.xml:45:15-105
143            android:directBootAware="false"
143-->[:androidx.work.work-runtime-2.1.0:] AndroidManifest.xml:45:106-137
144            android:enabled="false"
144-->[:androidx.work.work-runtime-2.1.0:] AndroidManifest.xml:45:138-161
145            android:exported="false" >
145-->[:androidx.work.work-runtime-2.1.0:] AndroidManifest.xml:45:162-186
146            <intent-filter>
146-->[:androidx.work.work-runtime-2.1.0:] AndroidManifest.xml:46:7-48:23
147                <action android:name="android.net.conn.CONNECTIVITY_CHANGE" />
147-->[:androidx.work.work-runtime-2.1.0:] AndroidManifest.xml:47:9-71
147-->[:androidx.work.work-runtime-2.1.0:] AndroidManifest.xml:47:17-68
148            </intent-filter>
149        </receiver>
150        <receiver
150-->[:androidx.work.work-runtime-2.1.0:] AndroidManifest.xml:50:5-56:16
151            android:name="androidx.work.impl.background.systemalarm.RescheduleReceiver"
151-->[:androidx.work.work-runtime-2.1.0:] AndroidManifest.xml:50:15-90
152            android:directBootAware="false"
152-->[:androidx.work.work-runtime-2.1.0:] AndroidManifest.xml:50:91-122
153            android:enabled="false"
153-->[:androidx.work.work-runtime-2.1.0:] AndroidManifest.xml:50:123-146
154            android:exported="false" >
154-->[:androidx.work.work-runtime-2.1.0:] AndroidManifest.xml:50:147-171
155            <intent-filter>
155-->[:androidx.work.work-runtime-2.1.0:] AndroidManifest.xml:51:7-55:23
156                <action android:name="android.intent.action.BOOT_COMPLETED" />
156-->[:androidx.work.work-runtime-2.1.0:] AndroidManifest.xml:52:9-71
156-->[:androidx.work.work-runtime-2.1.0:] AndroidManifest.xml:52:17-68
157                <action android:name="android.intent.action.TIME_SET" />
157-->[:androidx.work.work-runtime-2.1.0:] AndroidManifest.xml:53:9-65
157-->[:androidx.work.work-runtime-2.1.0:] AndroidManifest.xml:53:17-62
158                <action android:name="android.intent.action.TIMEZONE_CHANGED" />
158-->[:androidx.work.work-runtime-2.1.0:] AndroidManifest.xml:54:9-73
158-->[:androidx.work.work-runtime-2.1.0:] AndroidManifest.xml:54:17-70
159            </intent-filter>
160        </receiver>
161        <receiver
161-->[:androidx.work.work-runtime-2.1.0:] AndroidManifest.xml:57:5-61:16
162            android:name="androidx.work.impl.background.systemalarm.ConstraintProxyUpdateReceiver"
162-->[:androidx.work.work-runtime-2.1.0:] AndroidManifest.xml:57:15-101
163            android:directBootAware="false"
163-->[:androidx.work.work-runtime-2.1.0:] AndroidManifest.xml:57:102-133
164            android:enabled="@bool/enable_system_alarm_service_default"
164-->[:androidx.work.work-runtime-2.1.0:] AndroidManifest.xml:57:134-193
165            android:exported="false" >
165-->[:androidx.work.work-runtime-2.1.0:] AndroidManifest.xml:57:194-218
166            <intent-filter>
166-->[:androidx.work.work-runtime-2.1.0:] AndroidManifest.xml:58:7-60:23
167                <action android:name="androidx.work.impl.background.systemalarm.UpdateProxies" />
167-->[:androidx.work.work-runtime-2.1.0:] AndroidManifest.xml:59:9-90
167-->[:androidx.work.work-runtime-2.1.0:] AndroidManifest.xml:59:17-87
168            </intent-filter>
169        </receiver> <!-- Include the AdActivity and InAppPurchaseActivity configChanges and themes. -->
170        <activity
170-->[:com.google.android.gms.play-services-ads-lite-19.5.0:] AndroidManifest.xml:24:5-254
171            android:name="com.google.android.gms.ads.AdActivity"
171-->[:com.google.android.gms.play-services-ads-lite-19.5.0:] AndroidManifest.xml:24:15-67
172            android:configChanges="keyboard|keyboardHidden|orientation|screenLayout|uiMode|screenSize|smallestScreenSize"
172-->[:com.google.android.gms.play-services-ads-lite-19.5.0:] AndroidManifest.xml:24:68-177
173            android:exported="false"
173-->[:com.google.android.gms.play-services-ads-lite-19.5.0:] AndroidManifest.xml:24:178-202
174            android:theme="@android:style/Theme.Translucent" />
174-->[:com.google.android.gms.play-services-ads-lite-19.5.0:] AndroidManifest.xml:24:203-251
175
176        <provider
176-->[:com.google.android.gms.play-services-ads-lite-19.5.0:] AndroidManifest.xml:25:5-208
177            android:name="com.google.android.gms.ads.MobileAdsInitProvider"
177-->[:com.google.android.gms.play-services-ads-lite-19.5.0:] AndroidManifest.xml:25:15-78
178            android:authorities="com.technovert.RocketTunnelFlying.mobileadsinitprovider"
178-->[:com.google.android.gms.play-services-ads-lite-19.5.0:] AndroidManifest.xml:25:79-156
179            android:exported="false"
179-->[:com.google.android.gms.play-services-ads-lite-19.5.0:] AndroidManifest.xml:25:157-181
180            android:initOrder="100" />
180-->[:com.google.android.gms.play-services-ads-lite-19.5.0:] AndroidManifest.xml:25:182-205
181
182        <service
182-->[:com.google.android.gms.play-services-ads-lite-19.5.0:] AndroidManifest.xml:26:5-116
183            android:name="com.google.android.gms.ads.AdService"
183-->[:com.google.android.gms.play-services-ads-lite-19.5.0:] AndroidManifest.xml:26:14-65
184            android:enabled="true"
184-->[:com.google.android.gms.play-services-ads-lite-19.5.0:] AndroidManifest.xml:26:66-88
185            android:exported="false" />
185-->[:com.google.android.gms.play-services-ads-lite-19.5.0:] AndroidManifest.xml:26:89-113
186
187        <meta-data
187-->[:com.google.android.gms.play-services-basement-17.3.0:] AndroidManifest.xml:23:9-25:69
188            android:name="com.google.android.gms.version"
188-->[:com.google.android.gms.play-services-basement-17.3.0:] AndroidManifest.xml:24:13-58
189            android:value="@integer/google_play_services_version" />
189-->[:com.google.android.gms.play-services-basement-17.3.0:] AndroidManifest.xml:25:13-66
190
191        <uses-library
191-->[:unityLibrary:GoogleMobileAdsPlugin.androidlib] AndroidManifest.xml:12:9-14:40
192            android:name="org.apache.http.legacy"
192-->[:unityLibrary:GoogleMobileAdsPlugin.androidlib] AndroidManifest.xml:13:13-50
193            android:required="false" />
193-->[:unityLibrary:GoogleMobileAdsPlugin.androidlib] AndroidManifest.xml:14:13-37
194
195        <meta-data
195-->[:unityLibrary:GoogleMobileAdsPlugin.androidlib] AndroidManifest.xml:16:9-18:70
196            android:name="com.google.android.gms.ads.APPLICATION_ID"
196-->[:unityLibrary:GoogleMobileAdsPlugin.androidlib] AndroidManifest.xml:17:13-69
197            android:value="ca-app-pub-4285457225683780~5302296249" />
197-->[:unityLibrary:GoogleMobileAdsPlugin.androidlib] AndroidManifest.xml:18:13-67
198    </application>
199
200</manifest>